<?xml version="1.0" encoding="UTF-8"?>
<!-- Generated by org.testng.reporters.JUnitReportReporter -->
<testsuite skipped="0" hostname="LAPTOP-SCOTT" name="com.lemon.cases.RegisterCase" tests="6" failures="0" timestamp="05 七月 2020 10:00:56 GMT" time="2.566" errors="0">
  <testcase name="test" time="0.098" classname="com.lemon.cases.RegisterCase"/>
  <testcase name="test" time="0.858" classname="com.lemon.cases.RegisterCase"/>
  <testcase name="test" time="0.102" classname="com.lemon.cases.RegisterCase"/>
  <testcase name="test" time="1.334" classname="com.lemon.cases.RegisterCase"/>
  <testcase name="test" time="0.090" classname="com.lemon.cases.RegisterCase"/>
  <testcase name="test" time="0.084" classname="com.lemon.cases.RegisterCase"/>
</testsuite> <!-- com.lemon.cases.RegisterCase -->
