<?xml version="1.0" encoding="UTF-8"?>
<!-- Generated by org.testng.reporters.JUnitReportReporter -->
<testsuite skipped="0" hostname="LAPTOP-SCOTT" name="com.lemon.cases.ChargeCase1" tests="6" failures="0" timestamp="05 七月 2020 10:00:56 GMT" time="2.171" errors="0">
  <testcase name="testCase" time="0.078" classname="com.lemon.cases.ChargeCase1"/>
  <testcase name="testCase" time="0.957" classname="com.lemon.cases.ChargeCase1"/>
  <testcase name="testCase" time="0.080" classname="com.lemon.cases.ChargeCase1"/>
  <testcase name="testCase" time="0.088" classname="com.lemon.cases.ChargeCase1"/>
  <testcase name="testCase" time="0.879" classname="com.lemon.cases.ChargeCase1"/>
  <testcase name="testCase" time="0.089" classname="com.lemon.cases.ChargeCase1"/>
</testsuite> <!-- com.lemon.cases.ChargeCase1 -->
