<?xml version="1.0" encoding="UTF-8"?>
<!-- Generated by org.testng.reporters.JUnitReportReporter -->
<testsuite skipped="0" hostname="LAPTOP-SCOTT" name="com.lemon.cases.LoginCase" tests="7" failures="0" timestamp="05 七月 2020 10:00:56 GMT" time="0.750" errors="0">
  <testcase name="test" time="0.080" classname="com.lemon.cases.LoginCase"/>
  <testcase name="test" time="0.093" classname="com.lemon.cases.LoginCase"/>
  <testcase name="test" time="0.089" classname="com.lemon.cases.LoginCase"/>
  <testcase name="test" time="0.146" classname="com.lemon.cases.LoginCase"/>
  <testcase name="test" time="0.090" classname="com.lemon.cases.LoginCase"/>
  <testcase name="test" time="0.114" classname="com.lemon.cases.LoginCase"/>
  <testcase name="test" time="0.138" classname="com.lemon.cases.LoginCase"/>
</testsuite> <!-- com.lemon.cases.LoginCase -->
