<?xml version="1.0" encoding="UTF-8"?>
<!-- Generated by org.testng.reporters.JUnitReportReporter -->
<testsuite skipped="0" hostname="LAPTOP-SCOTT" name="com.lemon.cases.AddCase" tests="1" failures="0" timestamp="05 七月 2020 10:00:56 GMT" time="0.085" errors="0">
  <testcase name="test" time="0.085" classname="com.lemon.cases.AddCase"/>
</testsuite> <!-- com.lemon.cases.AddCase -->
