<?xml version="1.0" encoding="UTF-8"?>
<!-- Generated by org.testng.reporters.JUnitReportReporter -->
<testsuite skipped="0" hostname="LAPTOP-SCOTT" name="com.lemon.cases.InvestCase" tests="1" failures="0" timestamp="05 七月 2020 10:00:56 GMT" time="0.115" errors="0">
  <testcase name="test" time="0.115" classname="com.lemon.cases.InvestCase"/>
</testsuite> <!-- com.lemon.cases.InvestCase -->
