<?xml version="1.0" encoding="UTF-8"?>
<!-- Generated by org.testng.reporters.JUnitReportReporter -->
<testsuite skipped="0" hostname="LAPTOP-SCOTT" name="FastJsonDemo.TestPerson_fastjson" tests="1" failures="0" timestamp="16 六月 2020 07:26:12 GMT" time="0.067" errors="0">
  <testcase name="whenJavaList_thanConvertToJsonCorrect" time="0.067" classname="FastJsonDemo.TestPerson_fastjson"/>
</testsuite> <!-- FastJsonDemo.TestPerson_fastjson -->
