<?xml version="1.0" encoding="UTF-8"?>
<!-- Generated by org.testng.reporters.JUnitReportReporter -->
<testsuite skipped="0" hostname="LAPTOP-SCOTT" name="com.lemon.cases.InvestCase" tests="1" failures="0" timestamp="08 七月 2020 08:33:48 GMT" time="0.114" errors="0">
  <testcase name="test" time="0.114" classname="com.lemon.cases.InvestCase"/>
</testsuite> <!-- com.lemon.cases.InvestCase -->
