<?xml version="1.0" encoding="UTF-8"?>
<!-- Generated by org.testng.reporters.JUnitReportReporter -->
<testsuite skipped="0" hostname="LAPTOP-SCOTT" name="com.lemon.cases.ChargeCase1" tests="6" failures="0" timestamp="08 七月 2020 08:33:48 GMT" time="1.871" errors="0">
  <testcase name="testCase" time="0.083" classname="com.lemon.cases.ChargeCase1"/>
  <testcase name="testCase" time="0.767" classname="com.lemon.cases.ChargeCase1"/>
  <testcase name="testCase" time="0.077" classname="com.lemon.cases.ChargeCase1"/>
  <testcase name="testCase" time="0.080" classname="com.lemon.cases.ChargeCase1"/>
  <testcase name="testCase" time="0.083" classname="com.lemon.cases.ChargeCase1"/>
  <testcase name="testCase" time="0.781" classname="com.lemon.cases.ChargeCase1"/>
</testsuite> <!-- com.lemon.cases.ChargeCase1 -->
