<?xml version="1.0" encoding="UTF-8"?>
<!-- Generated by org.testng.reporters.JUnitReportReporter -->
<testsuite skipped="0" hostname="LAPTOP-SCOTT" name="com.lemon.cases.RegisterCase" tests="6" failures="0" timestamp="08 七月 2020 08:33:48 GMT" time="2.325" errors="0">
  <testcase name="test" time="0.083" classname="com.lemon.cases.RegisterCase"/>
  <testcase name="test" time="0.069" classname="com.lemon.cases.RegisterCase"/>
  <testcase name="test" time="0.079" classname="com.lemon.cases.RegisterCase"/>
  <testcase name="test" time="0.820" classname="com.lemon.cases.RegisterCase"/>
  <testcase name="test" time="1.185" classname="com.lemon.cases.RegisterCase"/>
  <testcase name="test" time="0.089" classname="com.lemon.cases.RegisterCase"/>
</testsuite> <!-- com.lemon.cases.RegisterCase -->
