<?xml version="1.0" encoding="UTF-8"?>
<!-- Generated by org.testng.reporters.JUnitReportReporter -->
<testsuite skipped="0" hostname="LAPTOP-SCOTT" name="com.lemon.cases.LoginCase" tests="7" failures="0" timestamp="08 七月 2020 08:33:48 GMT" time="0.744" errors="0">
  <testcase name="test" time="0.088" classname="com.lemon.cases.LoginCase"/>
  <testcase name="test" time="0.081" classname="com.lemon.cases.LoginCase"/>
  <testcase name="test" time="0.140" classname="com.lemon.cases.LoginCase"/>
  <testcase name="test" time="0.136" classname="com.lemon.cases.LoginCase"/>
  <testcase name="test" time="0.084" classname="com.lemon.cases.LoginCase"/>
  <testcase name="test" time="0.081" classname="com.lemon.cases.LoginCase"/>
  <testcase name="test" time="0.134" classname="com.lemon.cases.LoginCase"/>
</testsuite> <!-- com.lemon.cases.LoginCase -->
